<?xml version="1.0" encoding="UTF-8"?>
<!-- Generated by org.testng.reporters.JUnitXMLReporter -->
<testsuite ignored="0" hostname="Baishnab" failures="1" tests="14" name="Test" time="59.07" errors="0" timestamp="2023-09-22T20:17:53 IST">
  <testcase classname="com.ninjha.testScript.RegisterTest" name="verifyRegisteringAnAccountWithMandatoryField" time="1.518"/>
  <testcase classname="com.ninjha.testScript.RegisterTest" name="rigistringAccountByProvindingAllFields" time="2.061"/>
  <testcase classname="com.ninjha.testScript.RegisterTest" name="verifyRegistringAccoutwithExistingEmailAddress" time="1.141"/>
  <testcase classname="com.ninjha.testScript.RegisterTest" name="verifyRegistringAccountwithoutFillingAnyDetails" time="0.535"/>
  <testcase classname="com.ninjha.testScript.LoginTest" name="verifyWithValidCredetials" time="0.843"/>
  <testcase classname="com.ninjha.testScript.LoginTest" name="verifyWithValidCredetials" time="0.764"/>
  <testcase classname="com.ninjha.testScript.LoginTest" name="verifyWithValidCredetials" time="0.902"/>
  <testcase classname="com.ninjha.testScript.LoginTest" name="loginWithInvalidCredetials" time="0.914"/>
  <testcase classname="com.ninjha.testScript.LoginTest" name="verifyWithInvalidEmailAndValidPassord" time="0.898"/>
  <testcase classname="com.ninjha.testScript.LoginTest" name="verifyValidEmailAndInvalidPassword" time="0.732"/>
  <testcase classname="com.ninjha.testScript.LoginTest" name="verifyLoginWithoutProvindingCredential" time="0.592"/>
  <testcase classname="com.ninjha.testScript.SearchTest" name="searchingWithBalidProduct" time="0.514"/>
  <testcase classname="com.ninjha.testScript.SearchTest" name="verifySearchWithInvalidProduct" time="0.525">
    <failure type="java.lang.AssertionError" message="There is no product that matches the search criteria is not displayed expected [true] but found [false]">
      <![CDATA[java.lang.AssertionError: There is no product that matches the search criteria is not displayed expected [true] but found [false]
at com.ninjha.testScript.SearchTest.verifySearchWithInvalidProduct(SearchTest.java:39)
at java.base/java.util.ArrayList.forEach(ArrayList.java:1511)
... Removed 30 stack frames]]>
    </failure>
  </testcase> <!-- verifySearchWithInvalidProduct -->
  <testcase classname="com.ninjha.testScript.SearchTest" name="verifySearchWithoutAnyProduct" time="0.0">
    <skipped/>
  </testcase> <!-- verifySearchWithoutAnyProduct -->
</testsuite> <!-- Test -->
